Base path: /Applications/Unity/Unity.app/Contents
Pipe name: \\.\pipe\UnityShaderCompiler-1--1597562456
Cmd: getPlatforms
Cmd: preprocess
  insize=219 outsize=219 ok=1
Cmd: preprocess
  insize=1571 outsize=492 ok=1
Cmd: preprocess
  insize=480 outsize=480 ok=1
Cmd: preprocess
  insize=1560 outsize=533 ok=1
Cmd: preprocess
  insize=1428 outsize=478 ok=1
Cmd: preprocess
  insize=3042 outsize=1804 ok=1
Cmd: preprocess
  insize=435 outsize=435 ok=1
Cmd: preprocess
  insize=1414 outsize=840 ok=1
Cmd: preprocess
  insize=5950 outsize=3432 ok=1
Cmd: preprocess
  insize=1464 outsize=884 ok=1
Cmd: preprocess
  insize=2361 outsize=2258 ok=1
Cmd: preprocess
  insize=1232 outsize=482 ok=1
Cmd: preprocess
  insize=1668 outsize=929 ok=1
Cmd: compileSnippet
  api=0 type=0 insize=3382 outsize=1023 kw=DIRECTIONAL ok=1
Cmd: compileSnippet
  api=0 type=1 insize=3382 outsize=989 kw=DIRECTIONAL ok=1
Cmd: compileSnippet
  api=0 type=0 insize=3487 outsize=1023 kw=DIRECTIONAL ok=1
Cmd: compileSnippet
  api=0 type=1 insize=3487 outsize=1117 kw=DIRECTIONAL ok=1
Cmd: compileSnippet
  api=0 type=0 insize=3811 outsize=1055 kw=DIRECTIONAL ok=1
Cmd: compileSnippet
  api=0 type=1 insize=3811 outsize=1187 kw=DIRECTIONAL ok=1
Cmd: compileSnippet
  api=5 type=0 insize=876 outsize=617 kw= ok=1
Cmd: compileSnippet
  api=5 type=1 insize=876 outsize=6 kw= ok=1
Cmd: compileSnippet
  api=5 type=0 insize=1770 outsize=1647 kw= ok=1
Cmd: compileSnippet
  api=5 type=1 insize=1770 outsize=6 kw= ok=1
Cmd: compileSnippet
  api=5 type=0 insize=1381 outsize=1452 kw= ok=1
Cmd: compileSnippet
  api=9 type=1 insize=1381 outsize=7 kw= ok=1
Cmd: compileSnippet
  api=5 type=0 insize=2154 outsize=2157 kw= ok=1
Cmd: compileSnippet
  api=5 type=1 insize=2154 outsize=6 kw= ok=1
Cmd: compileSnippet
  api=5 type=0 insize=1788 outsize=1625 kw= ok=1
Cmd: compileSnippet
  api=5 type=1 insize=1788 outsize=6 kw= ok=1
Cmd: compileSnippet
  api=9 type=0 insize=2219 outsize=2311 kw= ok=1
Cmd: compileSnippet
  api=5 type=1 insize=2219 outsize=6 kw= ok=1
Cmd: compileSnippet
  api=5 type=0 insize=1852 outsize=1785 kw= ok=1
Cmd: compileSnippet
  api=5 type=1 insize=1852 outsize=6 kw= ok=1
Cmd: compileSnippet
  api=5 type=0 insize=1097 outsize=1052 kw= ok=1
Cmd: compileSnippet
  api=5 type=1 insize=1097 outsize=6 kw= ok=1
Cmd: compileSnippet
  api=5 type=0 insize=924 outsize=693 kw= ok=1
Cmd: compileSnippet
  api=5 type=1 insize=924 outsize=6 kw= ok=1
Cmd: compileSnippet
  api=5 type=0 insize=1179 outsize=1141 kw= ok=1
Cmd: compileSnippet
  api=5 type=1 insize=1179 outsize=6 kw= ok=1
Cmd: compileSnippet
  api=5 type=0 insize=2137 outsize=2179 kw= ok=1
Cmd: compileSnippet
  api=5 type=1 insize=2137 outsize=6 kw= ok=1
Cmd: compileSnippet
  api=5 type=0 insize=1329 outsize=1268 kw= ok=1
Cmd: compileSnippet
  api=5 type=1 insize=1329 outsize=6 kw= ok=1
Cmd: compileSnippet
  api=5 type=0 insize=1252 outsize=1105 kw= ok=1
Cmd: compileSnippet
  api=5 type=1 insize=1252 outsize=6 kw= ok=1
Cmd: compileSnippet
  api=9 type=0 insize=1237 outsize=1132 kw= ok=1
Cmd: compileSnippet
  api=5 type=1 insize=1237 outsize=6 kw= ok=1
Cmd: compileSnippet
  api=5 type=0 insize=2284 outsize=2505 kw= ok=1
Cmd: compileSnippet
  api=5 type=1 insize=2284 outsize=6 kw= ok=1
Cmd: compileSnippet
  api=9 type=0 insize=1260 outsize=1456 kw= ok=1
Cmd: compileSnippet
  api=5 type=1 insize=1260 outsize=6 kw= ok=1
Cmd: compileSnippet
  api=5 type=0 insize=882 outsize=619 kw= ok=1
Cmd: compileSnippet
  api=5 type=1 insize=882 outsize=6 kw= ok=1
Cmd: compileSnippet
  api=5 type=0 insize=1099 outsize=1007 kw= ok=1
Cmd: compileSnippet
  api=5 type=1 insize=1099 outsize=6 kw= ok=1
Cmd: compileSnippet
  api=5 type=0 insize=1051 outsize=1040 kw= ok=1
Cmd: compileSnippet
  api=5 type=1 insize=1051 outsize=6 kw= ok=1
Cmd: compileSnippet
  api=5 type=0 insize=1917 outsize=1970 kw= ok=1
Cmd: compileSnippet
  api=5 type=1 insize=1917 outsize=6 kw= ok=1
